操作人：(用户名:,管理员名:,IP:)
时间：(2019/4/19 16:09:59),操作：(fileup),来源：(/IO/UploadFileHandler?)
详情：(上传成功|文件名:payonline.png|保存路径:/UploadFiles/admin/admin1/20190419/)
/*-----------------------------------------------------------------------------------*/ 
 
操作人：(用户名:,管理员名:,IP:)
时间：(2019/4/19 16:09:59),操作：(fileup),来源：(/IO/UploadFileHandler?)
详情：(上传成功|文件名:气血康 把健康带回家.jpeg|保存路径:/UploadFiles/admin/admin1/20190419/)
/*-----------------------------------------------------------------------------------*/ 
 
操作人：(用户名:,管理员名:,IP:)
时间：(2019/4/19 16:09:59),操作：(fileup),来源：(/IO/UploadFileHandler?)
详情：(上传成功|文件名:WIN_20180409_19_45_44_Pro.jpg|保存路径:/UploadFiles/admin/admin1/20190419/)
/*-----------------------------------------------------------------------------------*/ 
 
操作人：(用户名:,管理员名:,IP:)
时间：(2019/4/19 16:09:59),操作：(fileup),来源：(/IO/UploadFileHandler?)
详情：(上传成功|文件名:UI3.jpg|保存路径:/UploadFiles/admin/admin1/20190419/)
/*-----------------------------------------------------------------------------------*/ 
 
操作人：(用户名:admin,管理员名:,IP:)
时间：(2019/5/12 14:16:20),操作：(fileup),来源：(/IO/UploadFileHandler)
详情：(上传成功|文件名:WIN_20180409_19_45_44_Pro.jpg|保存路径:/UploadFiles/User/user/admin1/)
/*-----------------------------------------------------------------------------------*/ 
 
操作人：(用户名:admin,管理员名:,IP:)
时间：(2019/5/12 14:16:20),操作：(fileup),来源：(/IO/UploadFileHandler)
详情：(上传成功|文件名:payonline.png|保存路径:/UploadFiles/User/user/admin1/)
/*-----------------------------------------------------------------------------------*/ 
 
操作人：(用户名:admin,管理员名:,IP:)
时间：(2019/5/12 14:25:43),操作：(fileup),来源：(/IO/UploadFileHandler)
详情：(上传成功|文件名:payonline.png|保存路径:/UploadFiles/User/user/admin1/)
/*-----------------------------------------------------------------------------------*/ 
 
操作人：(用户名:admin,管理员名:,IP:)
时间：(2019/5/12 14:25:43),操作：(fileup),来源：(/IO/UploadFileHandler)
详情：(上传成功|文件名:WIN_20180409_19_45_44_Pro.jpg|保存路径:/UploadFiles/User/user/admin1/)
/*-----------------------------------------------------------------------------------*/ 
 
操作人：(用户名:admin,管理员名:,IP:)
时间：(2019/5/12 14:25:43),操作：(fileup),来源：(/IO/UploadFileHandler)
详情：(上传成功|文件名:UI3.jpg|保存路径:/UploadFiles/User/user/admin1/)
/*-----------------------------------------------------------------------------------*/ 
 
操作人：(用户名:admin,管理员名:,IP:)
时间：(2019/5/13 11:41:10),操作：(fileup),来源：(/IO/UploadFileHandler)
详情：(上传成功|文件名:WIN_20180409_19_45_44_Pro.jpg|保存路径:/UploadFiles/User/user/admin1/)
/*-----------------------------------------------------------------------------------*/ 
 
操作人：(用户名:admin,管理员名:,IP:)
时间：(2019/5/13 14:09:41),操作：(fileup),来源：(/IO/UploadFileHandler)
详情：(上传成功|文件名:WIN_20180409_19_45_44_Pro.jpg|保存路径:/UploadFiles/User/user/admin1/)
/*-----------------------------------------------------------------------------------*/ 
 
操作人：(用户名:admin,管理员名:,IP:)
时间：(2019/5/31 14:18:05),操作：(fileup),来源：(/IO/UploadFileHandler?)
详情：(上传成功|文件名:UI3.jpg|保存路径:/UploadFiles/User/user/admin1/)
/*-----------------------------------------------------------------------------------*/ 
 
操作人：(用户名:admin,管理员名:,IP:)
时间：(2019/5/31 14:18:05),操作：(fileup),来源：(/IO/UploadFileHandler?)
详情：(上传成功|文件名:WIN_20180409_19_45_44_Pro.jpg|保存路径:/UploadFiles/User/user/admin1/)
/*-----------------------------------------------------------------------------------*/ 
 
操作人：(用户名:admin,管理员名:,IP:)
时间：(2019/6/3 11:03:38),操作：(fileup),来源：(/IO/UploadFileHandler?)
详情：(上传成功|文件名:气血康 把健康带回家.jpeg|保存路径:/UploadFiles/User/user/admin1/)
/*-----------------------------------------------------------------------------------*/ 
 
操作人：(用户名:admin,管理员名:,IP:)
时间：(2019/6/3 11:03:38),操作：(fileup),来源：(/IO/UploadFileHandler?)
详情：(上传成功|文件名:WIN_20180409_19_45_44_Pro.jpg|保存路径:/UploadFiles/User/user/admin1/)
/*-----------------------------------------------------------------------------------*/ 
 
操作人：(用户名:admin,管理员名:,IP:)
时间：(2019/6/3 11:03:38),操作：(fileup),来源：(/IO/UploadFileHandler?)
详情：(上传成功|文件名:payonline.png|保存路径:/UploadFiles/User/user/admin1/)
/*-----------------------------------------------------------------------------------*/ 
 
操作人：(用户名:admin,管理员名:,IP:)
时间：(2019/7/2 10:58:53),操作：(fileup),来源：(/IO/UploadFileHandler?action=ModelFile&value=100&IsWater=0)
详情：(上传成功|文件名:timg.jpg|保存路径:/UploadFiles/System/field/images/20190702/)
/*-----------------------------------------------------------------------------------*/ 
 
操作人：(用户名:admin,管理员名:,IP:)
时间：(2019/7/2 10:58:53),操作：(fileup),来源：(/IO/UploadFileHandler?action=ModelFile&value=100&IsWater=0)
详情：(上传成功|文件名:0.jpg|保存路径:/UploadFiles/System/field/images/20190702/)
/*-----------------------------------------------------------------------------------*/ 
 
操作人：(用户名:admin,管理员名:,IP:)
时间：(2019/7/2 10:59:07),操作：(fileup),来源：(/IO/UploadFileHandler?action=ModelFile&value=100&IsWater=0)
详情：(上传成功|文件名:0.jpg|保存路径:/UploadFiles/System/field/images/20190702/)
/*-----------------------------------------------------------------------------------*/ 
 
操作人：(用户名:admin,管理员名:,IP:)
时间：(2019/7/2 10:59:07),操作：(fileup),来源：(/IO/UploadFileHandler?action=ModelFile&value=100&IsWater=0)
详情：(上传成功|文件名:appicon.png|保存路径:/UploadFiles/System/field/images/20190702/)
/*-----------------------------------------------------------------------------------*/ 
 
操作人：(用户名:admin,管理员名:,IP:)
时间：(2019/7/2 10:59:07),操作：(fileup),来源：(/IO/UploadFileHandler?action=ModelFile&value=100&IsWater=0)
详情：(上传成功|文件名:timg.jpg|保存路径:/UploadFiles/System/field/images/20190702/)
/*-----------------------------------------------------------------------------------*/ 
 
操作人：(用户名:admin,管理员名:,IP:)
时间：(2019/7/2 11:01:50),操作：(fileup),来源：(/IO/UploadFileHandler?action=ModelFile&value=100&IsWater=0)
详情：(上传成功|文件名:appicon.png|保存路径:/UploadFiles/System/field/images/20190702/)
/*-----------------------------------------------------------------------------------*/ 
 
操作人：(用户名:admin,管理员名:,IP:)
时间：(2019/7/2 11:01:50),操作：(fileup),来源：(/IO/UploadFileHandler?action=ModelFile&value=100&IsWater=0)
详情：(上传成功|文件名:timg.jpg|保存路径:/UploadFiles/System/field/images/20190702/)
/*-----------------------------------------------------------------------------------*/ 
 
操作人：(用户名:admin,管理员名:,IP:)
时间：(2019/7/2 11:01:50),操作：(fileup),来源：(/IO/UploadFileHandler?action=ModelFile&value=100&IsWater=0)
详情：(上传成功|文件名:0.jpg|保存路径:/UploadFiles/System/field/images/20190702/)
/*-----------------------------------------------------------------------------------*/ 
 
操作人：(用户名:admin,管理员名:,IP:)
时间：(2019/7/19 18:26:59),操作：(fileup),来源：(/IO/UploadFileHandler?action=Blog)
详情：(上传成功|文件名:timg.jpg|保存路径:/UploadFiles/Plat/EA058531C9928A081BC1E1450256CB44/Blog/197598107EAE676457005D3051195DB1/)
/*-----------------------------------------------------------------------------------*/ 
 
操作人：(用户名:admin,管理员名:,IP:)
时间：(2019/8/24 8:49:42),操作：(fileup),来源：(/IO/UploadFileHandler?action=ModelFile&value=1&IsWater=0)
详情：(上传成功|文件名:timg.jpg|保存路径:/UploadFiles/System/field/images/20190824/)
/*-----------------------------------------------------------------------------------*/ 
 
操作人：(用户名:admin,管理员名:,IP:)
时间：(2019/8/28 22:18:02),操作：(fileup),来源：(/IO/UploadFileHandler?action=General)
详情：(上传成功|文件名:timg.jpg|保存路径:/UploadFiles/User/user/admin1/)
/*-----------------------------------------------------------------------------------*/ 
 
