操作人：(用户名:,管理员名:,IP:)
时间：(2019/12/18 20:01:18),操作：(exception),来源：()
详情：(Message:对象名 'ZL_Sys_Holiday' 无效。,SQL:SELECT * FROM ZL_Sys_Holiday A  WHERE 1=1  AND ZStatus IN (99),SP:)
/*-----------------------------------------------------------------------------------*/ 
操作人：(用户名:,管理员名:,IP:)
时间：(2019/12/18 20:01:48),操作：(exception),来源：()
详情：(Message:对象名 'ZL_Sys_Holiday' 无效。,SQL:SELECT * FROM ZL_Sys_Holiday A  WHERE 1=1  AND ZStatus IN (99),SP:)
/*-----------------------------------------------------------------------------------*/ 
操作人：(用户名:,管理员名:,IP:)
时间：(2019/12/18 20:05:08),操作：(exception),来源：()
详情：(Message:对象名 'ZL_Sys_Holiday' 无效。,SQL:SELECT * FROM ZL_Sys_Holiday A  WHERE 1=1  AND ZStatus IN (99),SP:)
/*-----------------------------------------------------------------------------------*/ 
操作人：(用户名:,管理员名:,IP:)
时间：(2019/12/18 20:05:33),操作：(exception),来源：()
详情：(Message:对象名 'ZL_Sys_Holiday' 无效。,SQL:SELECT * FROM ZL_Sys_Holiday A  WHERE 1=1  AND ZStatus IN (99),SP:)
/*-----------------------------------------------------------------------------------*/ 
操作人：(用户名:,管理员名:,IP:)
时间：(2019/12/18 20:05:37),操作：(exception),来源：()
详情：(Message:对象名 'ZL_Sys_Holiday' 无效。,SQL:SELECT * FROM ZL_Sys_Holiday A  WHERE 1=1  AND ZStatus IN (99),SP:)
/*-----------------------------------------------------------------------------------*/ 
操作人：(用户名:,管理员名:,IP:)
时间：(2019/12/18 20:05:37),操作：(exception),来源：()
详情：(Message:对象名 'ZL_Sys_Holiday' 无效。,SQL:SELECT * FROM ZL_Sys_Holiday A  WHERE 1=1  AND ZStatus IN (99),SP:)
/*-----------------------------------------------------------------------------------*/ 
操作人：(用户名:,管理员名:,IP:)
时间：(2019/12/18 20:05:38),操作：(exception),来源：()
详情：(Message:对象名 'ZL_Sys_Holiday' 无效。,SQL:SELECT * FROM ZL_Sys_Holiday A  WHERE 1=1  AND ZStatus IN (99),SP:)
/*-----------------------------------------------------------------------------------*/ 
操作人：(用户名:,管理员名:,IP:)
时间：(2019/12/18 20:05:38),操作：(exception),来源：()
详情：(Message:对象名 'ZL_Sys_Holiday' 无效。,SQL:SELECT * FROM ZL_Sys_Holiday A  WHERE 1=1  AND ZStatus IN (99),SP:)
/*-----------------------------------------------------------------------------------*/ 
操作人：(用户名:,管理员名:,IP:)
时间：(2019/12/18 20:05:38),操作：(exception),来源：()
详情：(Message:对象名 'ZL_Sys_Holiday' 无效。,SQL:SELECT * FROM ZL_Sys_Holiday A  WHERE 1=1  AND ZStatus IN (99),SP:)
/*-----------------------------------------------------------------------------------*/ 
操作人：(用户名:,管理员名:,IP:)
时间：(2019/12/19 17:56:13),操作：(exception),来源：()
详情：([{"NodeID":1,"NodeName":"资讯中心"},{"NodeID":2,"NodeName":"在线商城"},{"NodeID":3,"NodeName":"网店频道"},{"NodeID":8,"NodeName":"男人"},{"NodeID":9,"NodeName":"女人"},{"NodeID":10,"NodeName":"服饰"},{"NodeID":11,"NodeName":"美容"},{"NodeID":12,"NodeName":"美容"},{"NodeID":13,"NodeName":"时尚"},{"NodeID":15,"NodeName":"母婴"},{"NodeID":16,"NodeName":"手机数码"},{"NodeID":17,"NodeName":"运动"},{"NodeID":106,"NodeName":"网站地图"},{"NodeID":18,"NodeName":"机票/酒店"},{"NodeID":19,"NodeName":"运动/户外/健身"},{"NodeID":20,"NodeName":"男装/T恤/衬衫"},{"NodeID":21,"NodeName":"休闲裤/牛仔裤/内衣"},{"NodeID":22,"NodeName":"男鞋/休闲鞋/皮鞋"},{"NodeID":23,"NodeName":"男女箱包/出门配件"},{"NodeID":24,"NodeName":"女鞋"},{"NodeID":25,"NodeName":"耐克"},{"NodeID":26,"NodeName":"彪马"},{"NodeID":27,"NodeName":"李宁"},{"NodeID":28,"NodeName":"阿迪"},{"NodeID":29,"NodeName":"匡威"},{"NodeID":30,"NodeName":"Kappa"},{"NodeID":31,"NodeName":"运动套装"},{"NodeID":32,"NodeName":"专柜代购"},{"NodeID":33,"NodeName":"08款"},{"NodeID":34,"NodeName":"三叶草"},{"NodeID":35,"NodeName":"T恤"},{"NodeID":36,"NodeName":"衬衫"},{"NodeID":37,"NodeName":"polo衫"},{"NodeID":38,"NodeName":"纯棉"},{"NodeID":39,"NodeName":"夹克"},{"NodeID":40,"NodeName":"马甲"},{"NodeID":41,"NodeName":"秋装"},{"NodeID":42,"NodeName":"西装"},{"NodeID":43,"NodeName":"卫衣"},{"NodeID":44,"NodeName":"外套"},{"NodeID":45,"NodeName":"jack"},{"NodeID":46,"NodeName":"jones"},{"NodeID":47,"NodeName":"直筒裤"},{"NodeID":48,"NodeName":"牛仔裤"},{"NodeID":49,"NodeName":"休闲裤"},{"NodeID":50,"NodeName":"休闲西裤"},{"NodeID":51,"NodeName":"工装裤"},{"NodeID":52,"NodeName":"短裤"},{"NodeID":53,"NodeName":"新款秋裤"},{"NodeID":54,"NodeName":"ck内裤"},{"NodeID":55,"NodeName":"内衣"},{"NodeID":56,"NodeName":"帆布鞋"},{"NodeID":57,"NodeName":"运动鞋"},{"NodeID":58,"NodeName":"休闲鞋"},{"NodeID":59,"NodeName":"热卖男鞋"},{"NodeID":60,"NodeName":"皮鞋"},{"NodeID":61,"NodeName":"男靴"},{"NodeID":62,"NodeName":"篮球鞋"},{"NodeID":63,"NodeName":"户外靴"},{"NodeID":64,"NodeName":"板鞋"},{"NodeID":65,"NodeName":"斜挎包"},{"NodeID":66,"NodeName":"手提包"},{"NodeID":67,"NodeName":"休闲包"},{"NodeID":68,"NodeName":"单肩包"},{"NodeID":69,"NodeName":"爱车族"},{"NodeID":70,"NodeName":"汽车坐垫"},{"NodeID":71,"NodeName":"皮带"},{"NodeID":72,"NodeName":"眼镜"},{"NodeID":73,"NodeName":"饰品"},{"NodeID":74,"NodeName":"秋款帽"},{"NodeID":75,"NodeName":"服饰鞋帽"},{"NodeID":76,"NodeName":"网站公告"},{"NodeID":77,"NodeName":"网站帮助"},{"NodeID":78,"NodeName":"公司信息"},{"NodeID":79,"NodeName":"新闻动态"},{"NodeID":80,"NodeName":"国际新闻"},{"NodeID":81,"NodeName":"经典阅读"},{"NodeID":82,"NodeName":"海外文摘"},{"NodeID":83,"NodeName":"奇闻轶事(新风格)"},{"NodeID":84,"NodeName":"资源下载"},{"NodeID":85,"NodeName":"图库中心"},{"NodeID":86,"NodeName":"在线视频"},{"NodeID":87,"NodeName":"人才招聘"},{"NodeID":88,"NodeName":"友情链接"},{"NodeID":89,"NodeName":"计算机资料"},{"NodeID":90,"NodeName":"行业资料"},{"NodeID":91,"NodeName":"管理资料"},{"NodeID":92,"NodeName":"电子书籍"},{"NodeID":93,"NodeName":"音乐下载"},{"NodeID":94,"NodeName":"程序源码"},{"NodeID":95,"NodeName":"科技视频"},{"NodeID":96,"NodeName":"娱乐视频"},{"NodeID":97,"NodeName":"产品图库"},{"NodeID":98,"NodeName":"明星收藏(新风格)"},{"NodeID":99,"NodeName":"分类信息"},{"NodeID":100,"NodeName":"头条新闻"},{"NodeID":101,"NodeName":"服务信息"},{"NodeID":102,"NodeName":"跳蚤市场"},{"NodeID":103,"NodeName":"交友征婚"},{"NodeID":104,"NodeName":"车辆信息"},{"NodeID":105,"NodeName":"官方信息"},{"NodeID":107,"NodeName":"搞笑趣图"},{"NodeID":108,"NodeName":"科技图说"},{"NodeID":109,"NodeName":"风景名胜"},{"NodeID":110,"NodeName":"精品贴图"},{"NodeID":111,"NodeName":"美女图片"},{"NodeID":128,"NodeName":"店铺模板/店铺首页.html"},{"NodeID":112,"NodeName":"电子杂志"},{"NodeID":140,"NodeName":"404"},{"NodeID":123,"NodeName":"店铺信息"},{"NodeID":124,"NodeName":"店铺公告"},{"NodeID":125,"NodeName":"促销信息"},{"NodeID":126,"NodeName":"店铺商品"},{"NodeID":127,"NodeName":"人才招聘"},{"NodeID":129,"NodeName":"日常用品"},{"NodeID":130,"NodeName":"手机数码"},{"NodeID":131,"NodeName":"体育用品"},{"NodeID":132,"NodeName":"珠宝首饰"},{"NodeID":133,"NodeName":"营养美食"},{"NodeID":134,"NodeName":"产品与服务"},{"NodeID":135,"NodeName":"常见问题"},{"NodeID":136,"NodeName":"技术主机联盟"},{"NodeID":137,"NodeName":"模板及插件下载"},{"NodeID":138,"NodeName":"推荐信息"},{"NodeID":139,"NodeName":"促销信息"},{"NodeID":143,"NodeName":"律所应用"},{"NodeID":223,"NodeName":"test"},{"NodeID":202,"NodeName":"穿"},{"NodeID":144,"NodeName":"微信WEUI门户框架"},{"NodeID":183,"NodeName":"友情链接"},{"NodeID":184,"NodeName":"品牌名店"},{"NodeID":185,"NodeName":"便宜购"},{"NodeID":186,"NodeName":"特色餐馆"},{"NodeID":145,"NodeName":"党政机关"},{"NodeID":146,"NodeName":"美食天地"},{"NodeID":147,"NodeName":"休闲娱乐"},{"NodeID":148,"NodeName":"宾馆住宿"},{"NodeID":149,"NodeName":"拼车租车"},{"NodeID":150,"NodeName":"快递物流"},{"NodeID":151,"NodeName":"时尚女人"},{"NodeID":152,"NodeName":"乡镇商户"},{"NodeID":153,"NodeName":"便民服务"},{"NodeID":154,"NodeName":"汽车相关"},{"NodeID":155,"NodeName":"手机电脑"},{"NodeID":156,"NodeName":"服装鞋包"},{"NodeID":157,"NodeName":"婚庆礼仪"},{"NodeID":158,"NodeName":"摄影摄像"},{"NodeID":159,"NodeName":"医药诊所"},{"NodeID":160,"NodeName":"潮流女装"},{"NodeID":180,"NodeName":"商城中心"},{"NodeID":181,"NodeName":"新闻资讯"},{"NodeID":182,"NodeName":"关于我们"},{"NodeID":161,"NodeName":"品牌男装"},{"NodeID":162,"NodeName":"美妆个护"},{"NodeID":163,"NodeName":"家用电器"},{"NodeID":164,"NodeName":"电脑办公"},{"NodeID":165,"NodeName":"手机数码"},{"NodeID":166,"NodeName":"母婴童装"},{"NodeID":167,"NodeName":"家居家纺"},{"NodeID":168,"NodeName":"厨房用品"},{"NodeID":169,"NodeName":"家具建材"},{"NodeID":170,"NodeName":"食品生鲜"},{"NodeID":171,"NodeName":"酒水饮料"},{"NodeID":172,"NodeName":"运动户外"},{"NodeID":173,"NodeName":"鞋靴箱包"},{"NodeID":174,"NodeName":"奢品礼品"},{"NodeID":175,"NodeName":"地市新闻"},{"NodeID":176,"NodeName":"关于我们"},{"NodeID":187,"NodeName":"快递信息"},{"NodeID":188,"NodeName":"缴费中心"},{"NodeID":189,"NodeName":"妈妈帮"},{"NodeID":177,"NodeName":"商城中心"},{"NodeID":178,"NodeName":"店铺中心"},{"NodeID":219,"NodeName":"咨询业务"},{"NodeID":220,"NodeName":"精英团队"},{"NodeID":179,"NodeName":"谷歌移动规范"},{"NodeID":190,"NodeName":"车友队"},{"NodeID":191,"NodeName":"多学一点"},{"NodeID":192,"NodeName":"同城小贷"},{"NodeID":193,"NodeName":"广告通"},{"NodeID":196,"NodeName":"发小"},{"NodeID":200,"NodeName":"租房"},{"NodeID":201,"NodeName":"吃"},{"NodeID":194,"NodeName":"车快洗"},{"NodeID":195,"NodeName":"快洗衣"},{"NodeID":197,"NodeName":"装修家"},{"NodeID":198,"NodeName":"求职招聘"},{"NodeID":199,"NodeName":"好楼盘"},{"NodeID":203,"NodeName":"住"},{"NodeID":204,"NodeName":"用"},{"NodeID":205,"NodeName":"行"},{"NodeID":206,"NodeName":"结婚"},{"NodeID":207,"NodeName":"家装"},{"NodeID":208,"NodeName":"房产"},{"NodeID":210,"NodeName":"行业资讯"},{"NodeID":211,"NodeName":"战略规划"},{"NodeID":212,"NodeName":"金融行业"},{"NodeID":213,"NodeName":"风险内控"},{"NodeID":214,"NodeName":"电子制造"},{"NodeID":215,"NodeName":"其他"},{"NodeID":216,"NodeName":"关于我们"},{"NodeID":217,"NodeName":"官方信息"},{"NodeID":218,"NodeName":"大事件"},{"NodeID":209,"NodeName":"简洁企业门户"},{"NodeID":221,"NodeName":"最新动态"},{"NodeID":222,"NodeName":"友情链接"}])
/*-----------------------------------------------------------------------------------*/ 
操作人：(用户名:,管理员名:,IP:)
时间：(2019/12/20 8:53:59),操作：(exception),来源：()
详情：(Message:对象名 'ZL_Sys_Holiday' 无效。,SQL:SELECT * FROM ZL_Sys_Holiday A  WHERE 1=1  AND ZStatus IN (99),SP:)
/*-----------------------------------------------------------------------------------*/ 
操作人：(用户名:,管理员名:,IP:)
时间：(2019/12/20 8:58:03),操作：(exception),来源：()
详情：(Message:对象名 'ZL_Sys_Holiday' 无效。,SQL:SELECT * FROM ZL_Sys_Holiday A  WHERE 1=1  AND ZStatus IN (99),SP:)
/*-----------------------------------------------------------------------------------*/ 
操作人：(用户名:,管理员名:,IP:)
时间：(2019/12/20 8:59:25),操作：(exception),来源：()
详情：(Message:对象名 'ZL_Sys_Holiday' 无效。,SQL:SELECT * FROM ZL_Sys_Holiday A  WHERE 1=1  AND ZStatus IN (99),SP:)
/*-----------------------------------------------------------------------------------*/ 
操作人：(用户名:,管理员名:,IP:)
时间：(2019/12/20 9:01:02),操作：(exception),来源：()
详情：(Message:对象名 'ZL_Sys_Holiday' 无效。,SQL:SELECT * FROM ZL_Sys_Holiday A  WHERE 1=1  AND ZStatus IN (99),SP:)
/*-----------------------------------------------------------------------------------*/ 
操作人：(用户名:,管理员名:,IP:)
时间：(2019/12/20 9:02:09),操作：(exception),来源：()
详情：(Message:对象名 'ZL_Sys_Holiday' 无效。,SQL:SELECT * FROM ZL_Sys_Holiday A  WHERE 1=1  AND ZStatus IN (99),SP:)
/*-----------------------------------------------------------------------------------*/ 
操作人：(用户名:,管理员名:,IP:)
时间：(2019/12/20 9:04:04),操作：(exception),来源：()
详情：(Message:对象名 'ZL_Sys_Holiday' 无效。,SQL:SELECT * FROM ZL_Sys_Holiday A  WHERE 1=1  AND ZStatus IN (99),SP:)
/*-----------------------------------------------------------------------------------*/ 
操作人：(用户名:,管理员名:,IP:)
时间：(2019/12/20 9:04:52),操作：(exception),来源：()
详情：(HtlToClient fail:Message:对象名 'ZL_Sys_Holiday' 无效。,SQL:SELECT * FROM ZL_Sys_Holiday A  WHERE 1=1  AND ZStatus IN (99),SP:)
/*-----------------------------------------------------------------------------------*/ 
操作人：(用户名:,管理员名:,IP:)
时间：(2019/12/20 9:04:52),操作：(exception),来源：()
详情：(HtlToClient fail:Message:对象名 'ZL_Sys_Holiday' 无效。,SQL:SELECT * FROM ZL_Sys_Holiday A  WHERE 1=1  AND ZStatus IN (99),SP:)
/*-----------------------------------------------------------------------------------*/ 
操作人：(用户名:,管理员名:,IP:)
时间：(2019/12/20 9:05:29),操作：(exception),来源：()
详情：(HtlToClient fail:Message:对象名 'ZL_Sys_Holiday' 无效。,SQL:SELECT * FROM ZL_Sys_Holiday A  WHERE 1=1  AND ZStatus IN (99),SP:)
/*-----------------------------------------------------------------------------------*/ 
操作人：(用户名:,管理员名:,IP:)
时间：(2019/12/20 9:05:29),操作：(exception),来源：()
详情：(HtlToClient fail:Message:对象名 'ZL_Sys_Holiday' 无效。,SQL:SELECT * FROM ZL_Sys_Holiday A  WHERE 1=1  AND ZStatus IN (99),SP:)
/*-----------------------------------------------------------------------------------*/ 
操作人：(用户名:,管理员名:,IP:)
时间：(2019/12/20 9:18:05),操作：(exception),来源：()
详情：(安装时出错,原因:用户 'ZoomLaCMS' 登录失败。)
/*-----------------------------------------------------------------------------------*/ 
